[0m18:36:35.022447 [debug] [MainThread]: Sending event: {'category': 'dbt', 'action': 'invocation', 'label': 'start', 'context': [<snowplow_tracker.self_describing_json.SelfDescribingJson object at 0x7debef202a80>, <snowplow_tracker.self_describing_json.SelfDescribingJson object at 0x7debef2d17f0>, <snowplow_tracker.self_describing_json.SelfDescribingJson object at 0x7debeee618b0>]}


============================== 18:36:35.107797 | a16f9987-d829-4a96-a171-202f07a5e88d ==============================
[0m18:36:35.107797 [info ] [MainThread]: Running with dbt=1.11.8
[0m18:36:35.108824 [debug] [MainThread]: running dbt with arguments {'introspect': 'True', 'quiet': 'False', 'empty': 'None', 'log_cache_events': 'False', 'write_json': 'True', 'warn_error_options': 'WarnErrorOptionsV2(error=[], warn=[], silence=[])', 'use_colors': 'True', 'indirect_selection': 'eager', 'send_anonymous_usage_stats': 'True', 'static_parser': 'True', 'use_experimental_parser': 'False', 'no_print': 'None', 'log_format': 'default', 'version_check': 'True', 'debug': 'False', 'profiles_dir': '/config/.dbt', 'invocation_command': 'dbt init dbt_project', 'cache_selected_only': 'False', 'printer_width': '80', 'target_path': 'None', 'warn_error': 'None', 'fail_fast': 'False', 'log_path': 'logs', 'partial_parse': 'True'}
[0m18:36:35.204899 [info ] [MainThread]: Creating dbt configuration folder at /config/.dbt
[0m18:36:35.211480 [debug] [MainThread]: Starter project path: /app/venv/lib/python3.12/site-packages/dbt/include/starter_project
[0m18:36:35.227248 [info ] [MainThread]: 
Your new dbt project "dbt_project" was created!

For more information on how to configure the profiles.yml file,
please consult the dbt documentation here:

  https://docs.getdbt.com/docs/configure-your-profile

One more thing:

Need help? Don't hesitate to reach out to us via GitHub issues or on Slack:

  https://community.getdbt.com/

Happy modeling!

[0m18:36:35.228061 [info ] [MainThread]: Setting up your profile.
[0m18:56:25.705335 [info ] [MainThread]: Profile dbt_project written to /config/.dbt/profiles.yml using target's profile_template.yml and your supplied values. Run 'dbt debug' to validate the connection.
[0m18:56:25.707244 [debug] [MainThread]: Resource report: {"command_name": "init", "command_success": true, "command_wall_clock_time": 1190.7714, "process_in_blocks": "311624", "process_kernel_time": 1.219228, "process_mem_max_rss": "272808", "process_out_blocks": "80", "process_user_time": 13.25039}
[0m18:56:25.709245 [debug] [MainThread]: Command `dbt init` succeeded at 18:56:25.708858 after 1190.77 seconds
[0m18:56:25.710360 [debug] [MainThread]: Sending event: {'category': 'dbt', 'action': 'invocation', 'label': 'end', 'context': [<snowplow_tracker.self_describing_json.SelfDescribingJson object at 0x7debd5afe390>, <snowplow_tracker.self_describing_json.SelfDescribingJson object at 0x7debd56790a0>, <snowplow_tracker.self_describing_json.SelfDescribingJson object at 0x7debef537890>]}
[0m18:56:25.711250 [debug] [MainThread]: Flushing usage events
[0m18:56:26.275013 [debug] [MainThread]: An error was encountered while trying to flush usage events
[0m18:56:51.837411 [debug] [MainThread]: Sending event: {'category': 'dbt', 'action': 'invocation', 'label': 'start', 'context': [<snowplow_tracker.self_describing_json.SelfDescribingJson object at 0x79dff1075ca0>, <snowplow_tracker.self_describing_json.SelfDescribingJson object at 0x79dff16a2de0>, <snowplow_tracker.self_describing_json.SelfDescribingJson object at 0x79dff16e3410>]}


============================== 18:56:51.906564 | 966e78bf-b257-447d-8357-0a7f3a55f2c3 ==============================
[0m18:56:51.906564 [info ] [MainThread]: Running with dbt=1.11.8
[0m18:56:51.907605 [debug] [MainThread]: running dbt with arguments {'log_format': 'default', 'send_anonymous_usage_stats': 'True', 'partial_parse': 'True', 'fail_fast': 'False', 'quiet': 'False', 'write_json': 'True', 'log_path': 'logs', 'debug': 'False', 'empty': 'None', 'profiles_dir': '/config/.dbt', 'target_path': 'None', 'use_colors': 'True', 'printer_width': '80', 'no_print': 'None', 'version_check': 'True', 'introspect': 'True', 'static_parser': 'True', 'invocation_command': 'dbt debug', 'warn_error_options': 'WarnErrorOptionsV2(error=[], warn=[], silence=[])', 'warn_error': 'None', 'use_experimental_parser': 'False', 'indirect_selection': 'eager', 'cache_selected_only': 'False', 'log_cache_events': 'False'}
[0m18:56:52.046247 [info ] [MainThread]: dbt version: 1.11.8
[0m18:56:52.047324 [info ] [MainThread]: python version: 3.12.3
[0m18:56:52.047969 [info ] [MainThread]: python path: /app/venv/bin/python
[0m18:56:52.048590 [info ] [MainThread]: os info: Linux-6.8.0-1053-gcp-x86_64-with-glibc2.39
[0m18:56:58.387040 [info ] [MainThread]: Using profiles dir at /config/.dbt
[0m18:56:58.387965 [info ] [MainThread]: Using profiles.yml file at /config/.dbt/profiles.yml
[0m18:56:58.388724 [info ] [MainThread]: Using dbt_project.yml file at /config/workspace/podyplomowe-modern-data-stack-msp-uam-2026/dbt/dbt_modern_data_stack_dwh/dbt_project.yml
[0m18:56:58.389794 [info ] [MainThread]: adapter type: bigquery
[0m18:56:58.390864 [info ] [MainThread]: adapter version: 1.11.1
[0m18:56:58.392103 [info ] [MainThread]: Configuration:
[0m18:56:58.392985 [info ] [MainThread]:   profiles.yml file [[32mOK found and valid[0m]
[0m18:56:58.393737 [info ] [MainThread]:   dbt_project.yml file [[31mERROR not found[0m]
[0m18:56:58.394521 [info ] [MainThread]: Required dependencies:
[0m18:56:58.395322 [debug] [MainThread]: Executing "git --help"
[0m18:56:58.421874 [debug] [MainThread]: STDOUT: "b"usage: git [-v | --version] [-h | --help] [-C <path>] [-c <name>=<value>]\n           [--exec-path[=<path>]] [--html-path] [--man-path] [--info-path]\n           [-p | --paginate | -P | --no-pager] [--no-replace-objects] [--bare]\n           [--git-dir=<path>] [--work-tree=<path>] [--namespace=<name>]\n           [--config-env=<name>=<envvar>] <command> [<args>]\n\nThese are common Git commands used in various situations:\n\nstart a working area (see also: git help tutorial)\n   clone     Clone a repository into a new directory\n   init      Create an empty Git repository or reinitialize an existing one\n\nwork on the current change (see also: git help everyday)\n   add       Add file contents to the index\n   mv        Move or rename a file, a directory, or a symlink\n   restore   Restore working tree files\n   rm        Remove files from the working tree and from the index\n\nexamine the history and state (see also: git help revisions)\n   bisect    Use binary search to find the commit that introduced a bug\n   diff      Show changes between commits, commit and working tree, etc\n   grep      Print lines matching a pattern\n   log       Show commit logs\n   show      Show various types of objects\n   status    Show the working tree status\n\ngrow, mark and tweak your common history\n   branch    List, create, or delete branches\n   commit    Record changes to the repository\n   merge     Join two or more development histories together\n   rebase    Reapply commits on top of another base tip\n   reset     Reset current HEAD to the specified state\n   switch    Switch branches\n   tag       Create, list, delete or verify a tag object signed with GPG\n\ncollaborate (see also: git help workflows)\n   fetch     Download objects and refs from another repository\n   pull      Fetch from and integrate with another repository or a local branch\n   push      Update remote refs along with associated objects\n\n'git help -a' and 'git help -g' list available subcommands and some\nconcept guides. See 'git help <command>' or 'git help <concept>'\nto read about a specific subcommand or concept.\nSee 'git help git' for an overview of the system.\n""
[0m18:56:58.422699 [debug] [MainThread]: STDERR: "b''"
[0m18:56:58.423266 [info ] [MainThread]:  - git [[32mOK found[0m]

[0m18:56:58.423886 [info ] [MainThread]: Connection:
[0m18:56:58.424580 [info ] [MainThread]:   method: service-account
[0m18:56:58.425119 [info ] [MainThread]:   database: modern-data-stack-msp-uam-2026
[0m18:56:58.425742 [info ] [MainThread]:   execution_project: modern-data-stack-msp-uam-2026
[0m18:56:58.426337 [info ] [MainThread]:   schema: bookstore
[0m18:56:58.426893 [info ] [MainThread]:   location: EU
[0m18:56:58.427453 [info ] [MainThread]:   priority: interactive
[0m18:56:58.428014 [info ] [MainThread]:   maximum_bytes_billed: None
[0m18:56:58.428616 [info ] [MainThread]:   impersonate_service_account: None
[0m18:56:58.429498 [info ] [MainThread]:   job_retry_deadline_seconds: None
[0m18:56:58.430203 [info ] [MainThread]:   job_retries: 1
[0m18:56:58.430724 [info ] [MainThread]:   job_creation_timeout_seconds: None
[0m18:56:58.435074 [info ] [MainThread]:   job_execution_timeout_seconds: 300
[0m18:56:58.436056 [info ] [MainThread]:   timeout_seconds: 300
[0m18:56:58.436751 [info ] [MainThread]:   client_id: None
[0m18:56:58.439028 [info ] [MainThread]:   token_uri: None
[0m18:56:58.440002 [info ] [MainThread]:   compute_region: None
[0m18:56:58.441008 [info ] [MainThread]:   dataproc_cluster_name: None
[0m18:56:58.441930 [info ] [MainThread]:   gcs_bucket: None
[0m18:56:58.444119 [info ] [MainThread]:   dataproc_batch: None
[0m18:56:58.445732 [info ] [MainThread]: Registered adapter: bigquery=1.11.1
[0m18:56:58.718646 [debug] [MainThread]: Acquiring new bigquery connection 'debug'
[0m18:56:58.719399 [debug] [MainThread]: On debug: select 1 as id
[0m18:56:58.720037 [debug] [MainThread]: Opening a new connection, currently in state init
[0m18:57:01.189259 [debug] [MainThread]: BigQuery adapter: https://console.cloud.google.com/bigquery?project=modern-data-stack-msp-uam-2026&j=bq:EU:4996f6ad-be83-45c3-bf84-fcc939a348fd&page=queryresults
[0m18:57:01.335137 [debug] [MainThread]: SQL status: OK in 0.145 seconds
[0m18:57:01.808010 [info ] [MainThread]:   Connection test: [[32mOK connection ok[0m]

[0m18:57:01.808914 [info ] [MainThread]: [31m1 check failed:[0m
[0m18:57:01.809576 [info ] [MainThread]: Project loading failed for the following reason:
 project path </config/workspace/podyplomowe-modern-data-stack-msp-uam-2026/dbt/dbt_modern_data_stack_dwh/dbt_project.yml> not found

[0m18:57:01.810533 [debug] [MainThread]: Resource report: {"command_name": "debug", "command_success": false, "command_wall_clock_time": 10.067874, "process_in_blocks": "4936", "process_kernel_time": 0.810183, "process_mem_max_rss": "283624", "process_out_blocks": "32", "process_user_time": 13.62771}
[0m18:57:01.811274 [debug] [MainThread]: Command `dbt debug` failed at 18:57:01.811085 after 10.07 seconds
[0m18:57:01.811796 [debug] [MainThread]: Connection 'debug' was properly closed.
[0m18:57:01.812384 [debug] [MainThread]: Sending event: {'category': 'dbt', 'action': 'invocation', 'label': 'end', 'context': [<snowplow_tracker.self_describing_json.SelfDescribingJson object at 0x79dfd6dc4740>, <snowplow_tracker.self_describing_json.SelfDescribingJson object at 0x79dfd6c594c0>, <snowplow_tracker.self_describing_json.SelfDescribingJson object at 0x79dfd731f3b0>]}
[0m18:57:01.813004 [debug] [MainThread]: Flushing usage events
[0m18:57:02.300602 [debug] [MainThread]: An error was encountered while trying to flush usage events
