[0m10:16:30.093318 [debug] [MainThread]: Sending event: {'category': 'dbt', 'action': 'invocation', 'label': 'start', 'context': [<snowplow_tracker.self_describing_json.SelfDescribingJson object at 0x7813920a6fc0>, <snowplow_tracker.self_describing_json.SelfDescribingJson object at 0x7813920586e0>, <snowplow_tracker.self_describing_json.SelfDescribingJson object at 0x7813932335c0>]}


============================== 10:16:30.197500 | 9d0750b2-686d-4557-9279-3f69f87cdd97 ==============================
[0m10:16:30.197500 [info ] [MainThread]: Running with dbt=1.9.4
[0m10:16:30.198503 [debug] [MainThread]: running dbt with arguments {'printer_width': '80', 'indirect_selection': 'eager', 'write_json': 'True', 'log_cache_events': 'False', 'partial_parse': 'True', 'cache_selected_only': 'False', 'profiles_dir': '/config/.dbt', 'debug': 'False', 'warn_error': 'None', 'log_path': 'logs', 'version_check': 'True', 'fail_fast': 'False', 'use_colors': 'True', 'use_experimental_parser': 'False', 'no_print': 'None', 'quiet': 'False', 'empty': 'None', 'warn_error_options': 'WarnErrorOptions(include=[], exclude=[])', 'static_parser': 'True', 'introspect': 'True', 'log_format': 'default', 'target_path': 'None', 'invocation_command': 'dbt init dbt_project', 'send_anonymous_usage_stats': 'True'}
[0m10:16:30.270153 [warn ] [MainThread]: [ConfigFolderDirectory]: Unable to parse logging event dictionary. Failed to parse dir field: expected string or bytes-like object, got 'PosixPath'.. Dictionary: {'dir': PosixPath('/config/.dbt')}
[0m10:16:30.271104 [info ] [MainThread]: Creating dbt configuration folder at 
[0m10:16:30.274053 [debug] [MainThread]: Starter project path: /app/venv/lib/python3.12/site-packages/dbt/include/starter_project
[0m10:16:30.280099 [info ] [MainThread]: 
Your new dbt project "dbt_project" was created!

For more information on how to configure the profiles.yml file,
please consult the dbt documentation here:

  https://docs.getdbt.com/docs/configure-your-profile

One more thing:

Need help? Don't hesitate to reach out to us via GitHub issues or on Slack:

  https://community.getdbt.com/

Happy modeling!

[0m10:16:30.281019 [info ] [MainThread]: Setting up your profile.
[0m10:16:57.206886 [info ] [MainThread]: Profile dbt_project written to /config/.dbt/profiles.yml using target's sample configuration. Once updated, you'll be able to start developing with dbt.
[0m10:16:57.208567 [debug] [MainThread]: Resource report: {"command_name": "init", "command_success": true, "command_wall_clock_time": 27.191824, "process_in_blocks": "32", "process_kernel_time": 0.652572, "process_mem_max_rss": "122332", "process_out_blocks": "72", "process_user_time": 4.597902}
[0m10:16:57.209269 [debug] [MainThread]: Command `dbt init` succeeded at 10:16:57.209114 after 27.19 seconds
[0m10:16:57.209752 [debug] [MainThread]: Sending event: {'category': 'dbt', 'action': 'invocation', 'label': 'end', 'context': [<snowplow_tracker.self_describing_json.SelfDescribingJson object at 0x781392a955e0>, <snowplow_tracker.self_describing_json.SelfDescribingJson object at 0x7813915b5370>, <snowplow_tracker.self_describing_json.SelfDescribingJson object at 0x7813910cfb30>]}
[0m10:16:57.210336 [debug] [MainThread]: Flushing usage events
[0m10:16:57.675161 [debug] [MainThread]: An error was encountered while trying to flush usage events
[0m10:27:24.941912 [debug] [MainThread]: Sending event: {'category': 'dbt', 'action': 'invocation', 'label': 'start', 'context': [<snowplow_tracker.self_describing_json.SelfDescribingJson object at 0x74715770e0f0>, <snowplow_tracker.self_describing_json.SelfDescribingJson object at 0x747159d01a00>, <snowplow_tracker.self_describing_json.SelfDescribingJson object at 0x747157b8c8c0>]}


============================== 10:27:25.012485 | bbfb7adc-868b-4b62-ac7a-09e51b4af625 ==============================
[0m10:27:25.012485 [info ] [MainThread]: Running with dbt=1.9.4
[0m10:27:25.013362 [debug] [MainThread]: running dbt with arguments {'printer_width': '80', 'indirect_selection': 'eager', 'log_cache_events': 'False', 'write_json': 'True', 'partial_parse': 'True', 'cache_selected_only': 'False', 'profiles_dir': '/config/.dbt', 'fail_fast': 'False', 'debug': 'False', 'log_path': 'logs', 'version_check': 'True', 'warn_error': 'None', 'use_colors': 'True', 'use_experimental_parser': 'False', 'no_print': 'None', 'quiet': 'False', 'empty': 'None', 'log_format': 'default', 'invocation_command': 'dbt debug', 'introspect': 'True', 'warn_error_options': 'WarnErrorOptions(include=[], exclude=[])', 'target_path': 'None', 'static_parser': 'True', 'send_anonymous_usage_stats': 'True'}
[0m10:27:25.074346 [info ] [MainThread]: dbt version: 1.9.4
[0m10:27:25.075050 [info ] [MainThread]: python version: 3.12.3
[0m10:27:25.075569 [info ] [MainThread]: python path: /app/venv/bin/python
[0m10:27:25.076075 [info ] [MainThread]: os info: Linux-6.8.0-1048-gcp-x86_64-with-glibc2.39
[0m10:27:25.218059 [info ] [MainThread]: Using profiles dir at /config/.dbt
[0m10:27:25.218815 [info ] [MainThread]: Using profiles.yml file at /config/.dbt/profiles.yml
[0m10:27:25.219367 [info ] [MainThread]: Using dbt_project.yml file at /config/spbd-lab-przetwarzanie-danych-w-chmurze/spbd-lab-przetwarzanie-danych-w-chmurze/dbt/lab-dbt02/dbt_bookstore_lab/dbt_project.yml
[0m10:27:25.223553 [info ] [MainThread]: adapter type: duckdb
[0m10:27:25.224155 [info ] [MainThread]: adapter version: 1.9.2
[0m10:27:25.224810 [info ] [MainThread]: Configuration:
[0m10:27:25.225323 [info ] [MainThread]:   profiles.yml file [[32mOK found and valid[0m]
[0m10:27:25.225826 [info ] [MainThread]:   dbt_project.yml file [[31mERROR not found[0m]
[0m10:27:25.226423 [info ] [MainThread]: Required dependencies:
[0m10:27:25.226930 [debug] [MainThread]: Executing "git --help"
[0m10:27:25.229961 [debug] [MainThread]: STDOUT: "b"usage: git [-v | --version] [-h | --help] [-C <path>] [-c <name>=<value>]\n           [--exec-path[=<path>]] [--html-path] [--man-path] [--info-path]\n           [-p | --paginate | -P | --no-pager] [--no-replace-objects] [--bare]\n           [--git-dir=<path>] [--work-tree=<path>] [--namespace=<name>]\n           [--config-env=<name>=<envvar>] <command> [<args>]\n\nThese are common Git commands used in various situations:\n\nstart a working area (see also: git help tutorial)\n   clone     Clone a repository into a new directory\n   init      Create an empty Git repository or reinitialize an existing one\n\nwork on the current change (see also: git help everyday)\n   add       Add file contents to the index\n   mv        Move or rename a file, a directory, or a symlink\n   restore   Restore working tree files\n   rm        Remove files from the working tree and from the index\n\nexamine the history and state (see also: git help revisions)\n   bisect    Use binary search to find the commit that introduced a bug\n   diff      Show changes between commits, commit and working tree, etc\n   grep      Print lines matching a pattern\n   log       Show commit logs\n   show      Show various types of objects\n   status    Show the working tree status\n\ngrow, mark and tweak your common history\n   branch    List, create, or delete branches\n   commit    Record changes to the repository\n   merge     Join two or more development histories together\n   rebase    Reapply commits on top of another base tip\n   reset     Reset current HEAD to the specified state\n   switch    Switch branches\n   tag       Create, list, delete or verify a tag object signed with GPG\n\ncollaborate (see also: git help workflows)\n   fetch     Download objects and refs from another repository\n   pull      Fetch from and integrate with another repository or a local branch\n   push      Update remote refs along with associated objects\n\n'git help -a' and 'git help -g' list available subcommands and some\nconcept guides. See 'git help <command>' or 'git help <concept>'\nto read about a specific subcommand or concept.\nSee 'git help git' for an overview of the system.\n""
[0m10:27:25.230745 [debug] [MainThread]: STDERR: "b''"
[0m10:27:25.231221 [info ] [MainThread]:  - git [[32mOK found[0m]

[0m10:27:25.231745 [info ] [MainThread]: Connection:
[0m10:27:25.232391 [info ] [MainThread]:   database: bookstore_dwh
[0m10:27:25.232866 [info ] [MainThread]:   schema: main
[0m10:27:25.233391 [info ] [MainThread]:   path: /spbd-lab-przetwarzanie-danych-w-chmurze/spbd-lab-przetwarzanie-danych-w-chmurze/dbt/lab-dbt02/dbt_bookstore_lab/data/bookstore_dwh.ddb
[0m10:27:25.233869 [info ] [MainThread]:   config_options: None
[0m10:27:25.234375 [info ] [MainThread]:   extensions: None
[0m10:27:25.234837 [info ] [MainThread]:   settings: {}
[0m10:27:25.235351 [info ] [MainThread]:   external_root: .
[0m10:27:25.235808 [info ] [MainThread]:   use_credential_provider: None
[0m10:27:25.236339 [info ] [MainThread]:   attach: None
[0m10:27:25.236902 [info ] [MainThread]:   filesystems: None
[0m10:27:25.237402 [info ] [MainThread]:   remote: None
[0m10:27:25.238169 [info ] [MainThread]:   plugins: None
[0m10:27:25.238771 [info ] [MainThread]:   disable_transactions: False
[0m10:27:25.239689 [info ] [MainThread]: Registered adapter: duckdb=1.9.2
[0m10:27:25.368122 [debug] [MainThread]: Acquiring new duckdb connection 'debug'
[0m10:27:25.432795 [debug] [MainThread]: Using duckdb connection "debug"
[0m10:27:25.433618 [debug] [MainThread]: On debug: select 1 as id
[0m10:27:25.434233 [debug] [MainThread]: Opening a new connection, currently in state init
[0m10:27:25.444558 [debug] [MainThread]: DuckDB adapter: Error running SQL: select 1 as id
[0m10:27:25.445184 [debug] [MainThread]: DuckDB adapter: Rolling back transaction.
[0m10:27:25.445682 [info ] [MainThread]:   Connection test: [[31mERROR[0m]

[0m10:27:25.446349 [info ] [MainThread]: [31m2 checks failed:[0m
[0m10:27:25.446883 [info ] [MainThread]: Project loading failed for the following reason:
 project path </config/spbd-lab-przetwarzanie-danych-w-chmurze/spbd-lab-przetwarzanie-danych-w-chmurze/dbt/lab-dbt02/dbt_bookstore_lab/dbt_project.yml> not found

[0m10:27:25.447471 [info ] [MainThread]: dbt was unable to connect to the specified database.
The database returned the following error:

  >Runtime Error
  IO Error: Cannot open file "/spbd-lab-przetwarzanie-danych-w-chmurze/spbd-lab-przetwarzanie-danych-w-chmurze/dbt/lab-dbt02/dbt_bookstore_lab/data/bookstore_dwh.ddb": No such file or directory

Check your database credentials and try again. For more information, visit:
https://docs.getdbt.com/docs/configure-your-profile


[0m10:27:25.448785 [debug] [MainThread]: Resource report: {"command_name": "debug", "command_success": false, "command_wall_clock_time": 0.580795, "process_in_blocks": "0", "process_kernel_time": 0.437371, "process_mem_max_rss": "132588", "process_out_blocks": "24", "process_user_time": 4.653738}
[0m10:27:25.449425 [debug] [MainThread]: Command `dbt debug` failed at 10:27:25.449274 after 0.58 seconds
[0m10:27:25.449863 [debug] [MainThread]: Connection 'debug' was properly closed.
[0m10:27:25.450348 [debug] [MainThread]: Sending event: {'category': 'dbt', 'action': 'invocation', 'label': 'end', 'context': [<snowplow_tracker.self_describing_json.SelfDescribingJson object at 0x747157b2eb40>, <snowplow_tracker.self_describing_json.SelfDescribingJson object at 0x747156cbcb00>, <snowplow_tracker.self_describing_json.SelfDescribingJson object at 0x747156f0bfe0>]}
[0m10:27:25.450875 [debug] [MainThread]: Flushing usage events
[0m10:27:25.861441 [debug] [MainThread]: An error was encountered while trying to flush usage events
[0m10:28:25.686675 [debug] [MainThread]: Sending event: {'category': 'dbt', 'action': 'invocation', 'label': 'start', 'context': [<snowplow_tracker.self_describing_json.SelfDescribingJson object at 0x77333a438aa0>, <snowplow_tracker.self_describing_json.SelfDescribingJson object at 0x773337f5e360>, <snowplow_tracker.self_describing_json.SelfDescribingJson object at 0x773338b53d40>]}


============================== 10:28:25.750677 | 7d72a91a-514f-4327-8b09-a6c9c7e760ef ==============================
[0m10:28:25.750677 [info ] [MainThread]: Running with dbt=1.9.4
[0m10:28:25.752070 [debug] [MainThread]: running dbt with arguments {'printer_width': '80', 'indirect_selection': 'eager', 'write_json': 'True', 'log_cache_events': 'False', 'partial_parse': 'True', 'cache_selected_only': 'False', 'profiles_dir': '/config/.dbt', 'fail_fast': 'False', 'debug': 'False', 'log_path': 'logs', 'warn_error': 'None', 'version_check': 'True', 'use_colors': 'True', 'use_experimental_parser': 'False', 'no_print': 'None', 'quiet': 'False', 'empty': 'None', 'log_format': 'default', 'static_parser': 'True', 'invocation_command': 'dbt debug', 'warn_error_options': 'WarnErrorOptions(include=[], exclude=[])', 'target_path': 'None', 'introspect': 'True', 'send_anonymous_usage_stats': 'True'}
[0m10:28:25.815918 [info ] [MainThread]: dbt version: 1.9.4
[0m10:28:25.816621 [info ] [MainThread]: python version: 3.12.3
[0m10:28:25.817169 [info ] [MainThread]: python path: /app/venv/bin/python
[0m10:28:25.817661 [info ] [MainThread]: os info: Linux-6.8.0-1048-gcp-x86_64-with-glibc2.39
[0m10:28:25.961778 [info ] [MainThread]: Using profiles dir at /config/.dbt
[0m10:28:25.962558 [info ] [MainThread]: Using profiles.yml file at /config/.dbt/profiles.yml
[0m10:28:25.963143 [info ] [MainThread]: Using dbt_project.yml file at /config/spbd-lab-przetwarzanie-danych-w-chmurze/spbd-lab-przetwarzanie-danych-w-chmurze/dbt/lab-dbt02/dbt_bookstore_lab/dbt_project.yml
[0m10:28:25.967429 [info ] [MainThread]: adapter type: duckdb
[0m10:28:25.968271 [info ] [MainThread]: adapter version: 1.9.2
[0m10:28:25.969092 [info ] [MainThread]: Configuration:
[0m10:28:25.969619 [info ] [MainThread]:   profiles.yml file [[32mOK found and valid[0m]
[0m10:28:25.970226 [info ] [MainThread]:   dbt_project.yml file [[31mERROR not found[0m]
[0m10:28:25.970690 [info ] [MainThread]: Required dependencies:
[0m10:28:25.971235 [debug] [MainThread]: Executing "git --help"
[0m10:28:25.974388 [debug] [MainThread]: STDOUT: "b"usage: git [-v | --version] [-h | --help] [-C <path>] [-c <name>=<value>]\n           [--exec-path[=<path>]] [--html-path] [--man-path] [--info-path]\n           [-p | --paginate | -P | --no-pager] [--no-replace-objects] [--bare]\n           [--git-dir=<path>] [--work-tree=<path>] [--namespace=<name>]\n           [--config-env=<name>=<envvar>] <command> [<args>]\n\nThese are common Git commands used in various situations:\n\nstart a working area (see also: git help tutorial)\n   clone     Clone a repository into a new directory\n   init      Create an empty Git repository or reinitialize an existing one\n\nwork on the current change (see also: git help everyday)\n   add       Add file contents to the index\n   mv        Move or rename a file, a directory, or a symlink\n   restore   Restore working tree files\n   rm        Remove files from the working tree and from the index\n\nexamine the history and state (see also: git help revisions)\n   bisect    Use binary search to find the commit that introduced a bug\n   diff      Show changes between commits, commit and working tree, etc\n   grep      Print lines matching a pattern\n   log       Show commit logs\n   show      Show various types of objects\n   status    Show the working tree status\n\ngrow, mark and tweak your common history\n   branch    List, create, or delete branches\n   commit    Record changes to the repository\n   merge     Join two or more development histories together\n   rebase    Reapply commits on top of another base tip\n   reset     Reset current HEAD to the specified state\n   switch    Switch branches\n   tag       Create, list, delete or verify a tag object signed with GPG\n\ncollaborate (see also: git help workflows)\n   fetch     Download objects and refs from another repository\n   pull      Fetch from and integrate with another repository or a local branch\n   push      Update remote refs along with associated objects\n\n'git help -a' and 'git help -g' list available subcommands and some\nconcept guides. See 'git help <command>' or 'git help <concept>'\nto read about a specific subcommand or concept.\nSee 'git help git' for an overview of the system.\n""
[0m10:28:25.975218 [debug] [MainThread]: STDERR: "b''"
[0m10:28:25.975705 [info ] [MainThread]:  - git [[32mOK found[0m]

[0m10:28:25.976230 [info ] [MainThread]: Connection:
[0m10:28:25.976715 [info ] [MainThread]:   database: bookstore_dwh
[0m10:28:25.977211 [info ] [MainThread]:   schema: main
[0m10:28:25.977675 [info ] [MainThread]:   path: /spbd-lab-przetwarzanie-danych-w-chmurze/spbd-lab-przetwarzanie-danych-w-chmurze/dbt/lab-dbt02/dbt_bookstore_lab/data/bookstore_dwh.ddb
[0m10:28:25.978167 [info ] [MainThread]:   config_options: None
[0m10:28:25.978625 [info ] [MainThread]:   extensions: None
[0m10:28:25.979123 [info ] [MainThread]:   settings: {}
[0m10:28:25.979571 [info ] [MainThread]:   external_root: .
[0m10:28:25.980073 [info ] [MainThread]:   use_credential_provider: None
[0m10:28:25.980528 [info ] [MainThread]:   attach: None
[0m10:28:25.980999 [info ] [MainThread]:   filesystems: None
[0m10:28:25.981499 [info ] [MainThread]:   remote: None
[0m10:28:25.982274 [info ] [MainThread]:   plugins: None
[0m10:28:25.982841 [info ] [MainThread]:   disable_transactions: False
[0m10:28:25.983818 [info ] [MainThread]: Registered adapter: duckdb=1.9.2
[0m10:28:26.111167 [debug] [MainThread]: Acquiring new duckdb connection 'debug'
[0m10:28:26.165814 [debug] [MainThread]: Using duckdb connection "debug"
[0m10:28:26.166427 [debug] [MainThread]: On debug: select 1 as id
[0m10:28:26.166843 [debug] [MainThread]: Opening a new connection, currently in state init
[0m10:28:26.176766 [debug] [MainThread]: DuckDB adapter: Error running SQL: select 1 as id
[0m10:28:26.177386 [debug] [MainThread]: DuckDB adapter: Rolling back transaction.
[0m10:28:26.177932 [info ] [MainThread]:   Connection test: [[31mERROR[0m]

[0m10:28:26.178575 [info ] [MainThread]: [31m2 checks failed:[0m
[0m10:28:26.179133 [info ] [MainThread]: Project loading failed for the following reason:
 project path </config/spbd-lab-przetwarzanie-danych-w-chmurze/spbd-lab-przetwarzanie-danych-w-chmurze/dbt/lab-dbt02/dbt_bookstore_lab/dbt_project.yml> not found

[0m10:28:26.179644 [info ] [MainThread]: dbt was unable to connect to the specified database.
The database returned the following error:

  >Runtime Error
  IO Error: Cannot open file "/spbd-lab-przetwarzanie-danych-w-chmurze/spbd-lab-przetwarzanie-danych-w-chmurze/dbt/lab-dbt02/dbt_bookstore_lab/data/bookstore_dwh.ddb": No such file or directory

Check your database credentials and try again. For more information, visit:
https://docs.getdbt.com/docs/configure-your-profile


[0m10:28:26.181102 [debug] [MainThread]: Resource report: {"command_name": "debug", "command_success": false, "command_wall_clock_time": 0.5708235, "process_in_blocks": "0", "process_kernel_time": 0.42941, "process_mem_max_rss": "132796", "process_out_blocks": "24", "process_user_time": 4.665329}
[0m10:28:26.181678 [debug] [MainThread]: Command `dbt debug` failed at 10:28:26.181545 after 0.57 seconds
[0m10:28:26.182182 [debug] [MainThread]: Connection 'debug' was properly closed.
[0m10:28:26.182633 [debug] [MainThread]: Sending event: {'category': 'dbt', 'action': 'invocation', 'label': 'end', 'context': [<snowplow_tracker.self_describing_json.SelfDescribingJson object at 0x7733389a56a0>, <snowplow_tracker.self_describing_json.SelfDescribingJson object at 0x773337758680>, <snowplow_tracker.self_describing_json.SelfDescribingJson object at 0x773337bc44a0>]}
[0m10:28:26.183244 [debug] [MainThread]: Flushing usage events
[0m10:28:26.643234 [debug] [MainThread]: An error was encountered while trying to flush usage events
[0m21:15:19.171538 [debug] [MainThread]: Sending event: {'category': 'dbt', 'action': 'invocation', 'label': 'start', 'context': [<snowplow_tracker.self_describing_json.SelfDescribingJson object at 0x756cf8116720>, <snowplow_tracker.self_describing_json.SelfDescribingJson object at 0x756cf786e930>, <snowplow_tracker.self_describing_json.SelfDescribingJson object at 0x756cf8064260>]}


============================== 21:15:19.241133 | 11a69ad5-f0d3-44e1-ad5e-cbfce409d987 ==============================
[0m21:15:19.241133 [info ] [MainThread]: Running with dbt=1.9.4
[0m21:15:19.242398 [debug] [MainThread]: running dbt with arguments {'printer_width': '80', 'indirect_selection': 'eager', 'write_json': 'True', 'log_cache_events': 'False', 'partial_parse': 'True', 'cache_selected_only': 'False', 'warn_error': 'None', 'version_check': 'True', 'profiles_dir': '/config/.dbt', 'log_path': 'logs', 'debug': 'False', 'fail_fast': 'False', 'use_colors': 'True', 'use_experimental_parser': 'False', 'no_print': 'None', 'quiet': 'False', 'empty': 'None', 'warn_error_options': 'WarnErrorOptions(include=[], exclude=[])', 'introspect': 'True', 'log_format': 'default', 'invocation_command': 'dbt init dbt_project', 'target_path': 'None', 'static_parser': 'True', 'send_anonymous_usage_stats': 'True'}
[0m21:15:19.346441 [info ] [MainThread]: A project called dbt_project already exists here.
[0m21:15:19.348192 [debug] [MainThread]: Resource report: {"command_name": "init", "command_success": true, "command_wall_clock_time": 0.28309554, "process_in_blocks": "45504", "process_kernel_time": 0.639879, "process_mem_max_rss": "121812", "process_out_blocks": "16", "process_user_time": 4.822255}
[0m21:15:19.348980 [debug] [MainThread]: Command `dbt init` succeeded at 21:15:19.348790 after 0.28 seconds
[0m21:15:19.349571 [debug] [MainThread]: Sending event: {'category': 'dbt', 'action': 'invocation', 'label': 'end', 'context': [<snowplow_tracker.self_describing_json.SelfDescribingJson object at 0x756cf7a05670>, <snowplow_tracker.self_describing_json.SelfDescribingJson object at 0x756cf999ee40>, <snowplow_tracker.self_describing_json.SelfDescribingJson object at 0x756cf9bfe540>]}
[0m21:15:19.350200 [debug] [MainThread]: Flushing usage events
[0m21:15:19.967766 [debug] [MainThread]: An error was encountered while trying to flush usage events
[0m21:24:06.441954 [debug] [MainThread]: Sending event: {'category': 'dbt', 'action': 'invocation', 'label': 'start', 'context': [<snowplow_tracker.self_describing_json.SelfDescribingJson object at 0x734219715520>, <snowplow_tracker.self_describing_json.SelfDescribingJson object at 0x73421858a660>, <snowplow_tracker.self_describing_json.SelfDescribingJson object at 0x73421858bb30>]}


============================== 21:24:06.561708 | eef98d08-e8b6-43f5-a1b7-8abda37bb9e5 ==============================
[0m21:24:06.561708 [info ] [MainThread]: Running with dbt=1.9.4
[0m21:24:06.563021 [debug] [MainThread]: running dbt with arguments {'printer_width': '80', 'indirect_selection': 'eager', 'write_json': 'True', 'log_cache_events': 'False', 'partial_parse': 'True', 'cache_selected_only': 'False', 'profiles_dir': '/config/.dbt', 'version_check': 'True', 'fail_fast': 'False', 'log_path': 'logs', 'warn_error': 'None', 'debug': 'False', 'use_colors': 'True', 'use_experimental_parser': 'False', 'empty': 'None', 'quiet': 'False', 'no_print': 'None', 'warn_error_options': 'WarnErrorOptions(include=[], exclude=[])', 'static_parser': 'True', 'log_format': 'default', 'invocation_command': 'dbt debug', 'target_path': 'None', 'introspect': 'True', 'send_anonymous_usage_stats': 'True'}
[0m21:24:06.696783 [info ] [MainThread]: dbt version: 1.9.4
[0m21:24:06.697605 [info ] [MainThread]: python version: 3.12.3
[0m21:24:06.698487 [info ] [MainThread]: python path: /app/venv/bin/python
[0m21:24:06.699140 [info ] [MainThread]: os info: Linux-6.8.0-1048-gcp-x86_64-with-glibc2.39
[0m21:24:07.016276 [info ] [MainThread]: Using profiles dir at /config/.dbt
[0m21:24:07.017099 [info ] [MainThread]: Using profiles.yml file at /config/.dbt/profiles.yml
[0m21:24:07.017819 [info ] [MainThread]: Using dbt_project.yml file at /config/spbd-lab-przetwarzanie-danych-w-chmurze/spbd-lab-przetwarzanie-danych-w-chmurze/dbt/lab-dbt02/dbt_bookstore_lab/dbt_project.yml
[0m21:24:07.026113 [info ] [MainThread]: adapter type: duckdb
[0m21:24:07.027045 [info ] [MainThread]: adapter version: 1.9.2
[0m21:24:07.027760 [info ] [MainThread]: Configuration:
[0m21:24:07.028369 [info ] [MainThread]:   profiles.yml file [[32mOK found and valid[0m]
[0m21:24:07.028987 [info ] [MainThread]:   dbt_project.yml file [[31mERROR not found[0m]
[0m21:24:07.029619 [info ] [MainThread]: Required dependencies:
[0m21:24:07.030238 [debug] [MainThread]: Executing "git --help"
[0m21:24:07.087910 [debug] [MainThread]: STDOUT: "b"usage: git [-v | --version] [-h | --help] [-C <path>] [-c <name>=<value>]\n           [--exec-path[=<path>]] [--html-path] [--man-path] [--info-path]\n           [-p | --paginate | -P | --no-pager] [--no-replace-objects] [--bare]\n           [--git-dir=<path>] [--work-tree=<path>] [--namespace=<name>]\n           [--config-env=<name>=<envvar>] <command> [<args>]\n\nThese are common Git commands used in various situations:\n\nstart a working area (see also: git help tutorial)\n   clone     Clone a repository into a new directory\n   init      Create an empty Git repository or reinitialize an existing one\n\nwork on the current change (see also: git help everyday)\n   add       Add file contents to the index\n   mv        Move or rename a file, a directory, or a symlink\n   restore   Restore working tree files\n   rm        Remove files from the working tree and from the index\n\nexamine the history and state (see also: git help revisions)\n   bisect    Use binary search to find the commit that introduced a bug\n   diff      Show changes between commits, commit and working tree, etc\n   grep      Print lines matching a pattern\n   log       Show commit logs\n   show      Show various types of objects\n   status    Show the working tree status\n\ngrow, mark and tweak your common history\n   branch    List, create, or delete branches\n   commit    Record changes to the repository\n   merge     Join two or more development histories together\n   rebase    Reapply commits on top of another base tip\n   reset     Reset current HEAD to the specified state\n   switch    Switch branches\n   tag       Create, list, delete or verify a tag object signed with GPG\n\ncollaborate (see also: git help workflows)\n   fetch     Download objects and refs from another repository\n   pull      Fetch from and integrate with another repository or a local branch\n   push      Update remote refs along with associated objects\n\n'git help -a' and 'git help -g' list available subcommands and some\nconcept guides. See 'git help <command>' or 'git help <concept>'\nto read about a specific subcommand or concept.\nSee 'git help git' for an overview of the system.\n""
[0m21:24:07.088710 [debug] [MainThread]: STDERR: "b''"
[0m21:24:07.089309 [info ] [MainThread]:  - git [[32mOK found[0m]

[0m21:24:07.089958 [info ] [MainThread]: Connection:
[0m21:24:07.090636 [info ] [MainThread]:   database: bookstore_dwh
[0m21:24:07.091188 [info ] [MainThread]:   schema: main
[0m21:24:07.091792 [info ] [MainThread]:   path: /config/spbd-lab-przetwarzanie-danych-w-chmurze/spbd-lab-przetwarzanie-danych-w-chmurze/dbt/lab-dbt02/dbt_bookstore_lab/data/bookstore_dwh.ddb
[0m21:24:07.092349 [info ] [MainThread]:   config_options: None
[0m21:24:07.092950 [info ] [MainThread]:   extensions: None
[0m21:24:07.093522 [info ] [MainThread]:   settings: {}
[0m21:24:07.094171 [info ] [MainThread]:   external_root: .
[0m21:24:07.094822 [info ] [MainThread]:   use_credential_provider: None
[0m21:24:07.095451 [info ] [MainThread]:   attach: None
[0m21:24:07.096462 [info ] [MainThread]:   filesystems: None
[0m21:24:07.097247 [info ] [MainThread]:   remote: None
[0m21:24:07.097905 [info ] [MainThread]:   plugins: None
[0m21:24:07.098461 [info ] [MainThread]:   disable_transactions: False
[0m21:24:07.099263 [info ] [MainThread]: Registered adapter: duckdb=1.9.2
[0m21:24:07.263705 [debug] [MainThread]: Acquiring new duckdb connection 'debug'
[0m21:24:07.562086 [debug] [MainThread]: Using duckdb connection "debug"
[0m21:24:07.562822 [debug] [MainThread]: On debug: select 1 as id
[0m21:24:07.563374 [debug] [MainThread]: Opening a new connection, currently in state init
[0m21:24:07.629733 [debug] [MainThread]: SQL status: OK in 0.066 seconds
[0m21:24:07.631390 [debug] [MainThread]: On debug: Close
[0m21:24:07.632316 [info ] [MainThread]:   Connection test: [[32mOK connection ok[0m]

[0m21:24:07.633111 [info ] [MainThread]: [31m1 check failed:[0m
[0m21:24:07.633719 [info ] [MainThread]: Project loading failed for the following reason:
 project path </config/spbd-lab-przetwarzanie-danych-w-chmurze/spbd-lab-przetwarzanie-danych-w-chmurze/dbt/lab-dbt02/dbt_bookstore_lab/dbt_project.yml> not found

[0m21:24:07.635172 [debug] [MainThread]: Resource report: {"command_name": "debug", "command_success": false, "command_wall_clock_time": 1.2707239, "process_in_blocks": "3584", "process_kernel_time": 0.579981, "process_mem_max_rss": "138228", "process_out_blocks": "24", "process_user_time": 4.980949}
[0m21:24:07.635919 [debug] [MainThread]: Command `dbt debug` failed at 21:24:07.635740 after 1.27 seconds
[0m21:24:07.636576 [debug] [MainThread]: Connection 'debug' was properly closed.
[0m21:24:07.637250 [debug] [MainThread]: Sending event: {'category': 'dbt', 'action': 'invocation', 'label': 'end', 'context': [<snowplow_tracker.self_describing_json.SelfDescribingJson object at 0x7342186cf2c0>, <snowplow_tracker.self_describing_json.SelfDescribingJson object at 0x734217b56c60>, <snowplow_tracker.self_describing_json.SelfDescribingJson object at 0x734217c48680>]}
[0m21:24:07.638063 [debug] [MainThread]: Flushing usage events
[0m21:24:08.183570 [debug] [MainThread]: An error was encountered while trying to flush usage events
