[0m10:26:44.620042 [debug] [MainThread]: Sending event: {'category': 'dbt', 'action': 'invocation', 'label': 'start', 'context': [<snowplow_tracker.self_describing_json.SelfDescribingJson object at 0x72090134a9f0>, <snowplow_tracker.self_describing_json.SelfDescribingJson object at 0x720901392ea0>, <snowplow_tracker.self_describing_json.SelfDescribingJson object at 0x720901838050>]}


============================== 10:26:44.694610 | f7084c00-d35b-4993-beee-daeaf37277cb ==============================
[0m10:26:44.694610 [info ] [MainThread]: Running with dbt=1.9.4
[0m10:26:44.695546 [debug] [MainThread]: running dbt with arguments {'printer_width': '80', 'indirect_selection': 'eager', 'write_json': 'True', 'log_cache_events': 'False', 'partial_parse': 'True', 'cache_selected_only': 'False', 'profiles_dir': '/config/.dbt', 'debug': 'False', 'version_check': 'True', 'log_path': 'logs', 'warn_error': 'None', 'fail_fast': 'False', 'use_colors': 'True', 'use_experimental_parser': 'False', 'empty': 'None', 'quiet': 'False', 'no_print': 'None', 'log_format': 'default', 'invocation_command': 'dbt debug', 'warn_error_options': 'WarnErrorOptions(include=[], exclude=[])', 'static_parser': 'True', 'target_path': 'None', 'introspect': 'True', 'send_anonymous_usage_stats': 'True'}
[0m10:26:44.758930 [info ] [MainThread]: dbt version: 1.9.4
[0m10:26:44.759652 [info ] [MainThread]: python version: 3.12.3
[0m10:26:44.760235 [info ] [MainThread]: python path: /app/venv/bin/python
[0m10:26:44.760708 [info ] [MainThread]: os info: Linux-6.8.0-1048-gcp-x86_64-with-glibc2.39
[0m10:26:44.904193 [info ] [MainThread]: Using profiles dir at /config/.dbt
[0m10:26:44.904957 [info ] [MainThread]: Using profiles.yml file at /config/.dbt/profiles.yml
[0m10:26:44.905547 [info ] [MainThread]: Using dbt_project.yml file at /config/spbd-lab-przetwarzanie-danych-w-chmurze/spbd-lab-przetwarzanie-danych-w-chmurze/dbt_project.yml
[0m10:26:44.909757 [info ] [MainThread]: adapter type: duckdb
[0m10:26:44.910401 [info ] [MainThread]: adapter version: 1.9.2
[0m10:26:44.911004 [info ] [MainThread]: Configuration:
[0m10:26:44.911501 [info ] [MainThread]:   profiles.yml file [[32mOK found and valid[0m]
[0m10:26:44.912120 [info ] [MainThread]:   dbt_project.yml file [[31mERROR not found[0m]
[0m10:26:44.912592 [info ] [MainThread]: Required dependencies:
[0m10:26:44.913155 [debug] [MainThread]: Executing "git --help"
[0m10:26:44.918506 [debug] [MainThread]: STDOUT: "b"usage: git [-v | --version] [-h | --help] [-C <path>] [-c <name>=<value>]\n           [--exec-path[=<path>]] [--html-path] [--man-path] [--info-path]\n           [-p | --paginate | -P | --no-pager] [--no-replace-objects] [--bare]\n           [--git-dir=<path>] [--work-tree=<path>] [--namespace=<name>]\n           [--config-env=<name>=<envvar>] <command> [<args>]\n\nThese are common Git commands used in various situations:\n\nstart a working area (see also: git help tutorial)\n   clone     Clone a repository into a new directory\n   init      Create an empty Git repository or reinitialize an existing one\n\nwork on the current change (see also: git help everyday)\n   add       Add file contents to the index\n   mv        Move or rename a file, a directory, or a symlink\n   restore   Restore working tree files\n   rm        Remove files from the working tree and from the index\n\nexamine the history and state (see also: git help revisions)\n   bisect    Use binary search to find the commit that introduced a bug\n   diff      Show changes between commits, commit and working tree, etc\n   grep      Print lines matching a pattern\n   log       Show commit logs\n   show      Show various types of objects\n   status    Show the working tree status\n\ngrow, mark and tweak your common history\n   branch    List, create, or delete branches\n   commit    Record changes to the repository\n   merge     Join two or more development histories together\n   rebase    Reapply commits on top of another base tip\n   reset     Reset current HEAD to the specified state\n   switch    Switch branches\n   tag       Create, list, delete or verify a tag object signed with GPG\n\ncollaborate (see also: git help workflows)\n   fetch     Download objects and refs from another repository\n   pull      Fetch from and integrate with another repository or a local branch\n   push      Update remote refs along with associated objects\n\n'git help -a' and 'git help -g' list available subcommands and some\nconcept guides. See 'git help <command>' or 'git help <concept>'\nto read about a specific subcommand or concept.\nSee 'git help git' for an overview of the system.\n""
[0m10:26:44.919124 [debug] [MainThread]: STDERR: "b''"
[0m10:26:44.919528 [info ] [MainThread]:  - git [[32mOK found[0m]

[0m10:26:44.920048 [info ] [MainThread]: Connection:
[0m10:26:44.920614 [info ] [MainThread]:   database: bookstore_dwh
[0m10:26:44.921121 [info ] [MainThread]:   schema: main
[0m10:26:44.921575 [info ] [MainThread]:   path: /spbd-lab-przetwarzanie-danych-w-chmurze/spbd-lab-przetwarzanie-danych-w-chmurze/dbt/lab-dbt02/dbt_bookstore_lab/data/bookstore_dwh.ddb
[0m10:26:44.922062 [info ] [MainThread]:   config_options: None
[0m10:26:44.922529 [info ] [MainThread]:   extensions: None
[0m10:26:44.923006 [info ] [MainThread]:   settings: {}
[0m10:26:44.923484 [info ] [MainThread]:   external_root: .
[0m10:26:44.923923 [info ] [MainThread]:   use_credential_provider: None
[0m10:26:44.924464 [info ] [MainThread]:   attach: None
[0m10:26:44.925030 [info ] [MainThread]:   filesystems: None
[0m10:26:44.925533 [info ] [MainThread]:   remote: None
[0m10:26:44.926153 [info ] [MainThread]:   plugins: None
[0m10:26:44.926723 [info ] [MainThread]:   disable_transactions: False
[0m10:26:44.927416 [info ] [MainThread]: Registered adapter: duckdb=1.9.2
[0m10:26:45.066388 [debug] [MainThread]: Acquiring new duckdb connection 'debug'
[0m10:26:45.133841 [debug] [MainThread]: Using duckdb connection "debug"
[0m10:26:45.134432 [debug] [MainThread]: On debug: select 1 as id
[0m10:26:45.134911 [debug] [MainThread]: Opening a new connection, currently in state init
[0m10:26:45.147037 [debug] [MainThread]: DuckDB adapter: Error running SQL: select 1 as id
[0m10:26:45.147641 [debug] [MainThread]: DuckDB adapter: Rolling back transaction.
[0m10:26:45.148166 [info ] [MainThread]:   Connection test: [[31mERROR[0m]

[0m10:26:45.148790 [info ] [MainThread]: [31m2 checks failed:[0m
[0m10:26:45.149357 [info ] [MainThread]: Project loading failed for the following reason:
 project path </config/spbd-lab-przetwarzanie-danych-w-chmurze/spbd-lab-przetwarzanie-danych-w-chmurze/dbt_project.yml> not found

[0m10:26:45.149857 [info ] [MainThread]: dbt was unable to connect to the specified database.
The database returned the following error:

  >Runtime Error
  IO Error: Cannot open file "/spbd-lab-przetwarzanie-danych-w-chmurze/spbd-lab-przetwarzanie-danych-w-chmurze/dbt/lab-dbt02/dbt_bookstore_lab/data/bookstore_dwh.ddb": No such file or directory

Check your database credentials and try again. For more information, visit:
https://docs.getdbt.com/docs/configure-your-profile


[0m10:26:45.151223 [debug] [MainThread]: Resource report: {"command_name": "debug", "command_success": false, "command_wall_clock_time": 0.6067937, "process_in_blocks": "0", "process_kernel_time": 0.458214, "process_mem_max_rss": "132656", "process_out_blocks": "24", "process_user_time": 4.721333}
[0m10:26:45.151806 [debug] [MainThread]: Command `dbt debug` failed at 10:26:45.151663 after 0.61 seconds
[0m10:26:45.152265 [debug] [MainThread]: Connection 'debug' was properly closed.
[0m10:26:45.152682 [debug] [MainThread]: Sending event: {'category': 'dbt', 'action': 'invocation', 'label': 'end', 'context': [<snowplow_tracker.self_describing_json.SelfDescribingJson object at 0x720901193560>, <snowplow_tracker.self_describing_json.SelfDescribingJson object at 0x720900a957f0>, <snowplow_tracker.self_describing_json.SelfDescribingJson object at 0x7209008ba1b0>]}
[0m10:26:45.153259 [debug] [MainThread]: Flushing usage events
[0m10:26:45.619632 [debug] [MainThread]: An error was encountered while trying to flush usage events
